<?xml version="1.0" encoding="UTF-8"?>
<!-- Generated by org.testng.reporters.JUnitReportReporter -->
<testsuite hostname="DESKTOP-TRBN7QG" failures="0" tests="7" name="com.doctube.pages.HomepageApi" time="532.754" errors="0" timestamp="2023-11-13T16:51:09 IST" skipped="0">
  <testcase classname="com.doctube.pages.HomepageApi" name="homeLink" time="32.499"/>
  <system-out/>
  <testcase classname="com.doctube.pages.HomepageApi" name="homeLink" time="37.233"/>
  <system-out/>
  <testcase classname="com.doctube.pages.HomepageApi" name="homeLink" time="19.101"/>
  <system-out/>
  <testcase classname="com.doctube.pages.HomepageApi" name="homeLink" time="188.318"/>
  <system-out/>
  <testcase classname="com.doctube.pages.HomepageApi" name="homeLink" time="129.137"/>
  <system-out/>
  <testcase classname="com.doctube.pages.HomepageApi" name="homeLink" time="102.758"/>
  <system-out/>
  <testcase classname="com.doctube.pages.HomepageApi" name="homeLink" time="23.708"/>
  <system-out/>
</testsuite> <!-- com.doctube.pages.HomepageApi -->
