<?xml version="1.0" encoding="UTF-8"?>
<!-- Generated by org.testng.reporters.JUnitReportReporter -->
<testsuite hostname="DESKTOP-TRBN7QG" failures="0" tests="1" name="com.doctube.pages.TestUrl" time="0.012" errors="0" timestamp="2023-11-12T09:19:52 IST" skipped="0">
  <testcase classname="com.doctube.pages.TestUrl" name="fun" time="0.012"/>
  <system-out/>
</testsuite> <!-- com.doctube.pages.TestUrl -->
