<?xml version="1.0" encoding="UTF-8"?>
<!-- Generated by org.testng.reporters.JUnitReportReporter -->
<testsuite hostname="DESKTOP-TRBN7QG" failures="0" tests="7" name="com.doctube.pages.TestUrl" time="0.042" errors="0" timestamp="2023-11-14T20:11:07 IST" skipped="0">
  <testcase classname="com.doctube.pages.TestUrl" name="fun" time="0.003"/>
  <system-out/>
  <testcase classname="com.doctube.pages.TestUrl" name="fun" time="0.009"/>
  <system-out/>
  <testcase classname="com.doctube.pages.TestUrl" name="fun" time="0.008"/>
  <system-out/>
  <testcase classname="com.doctube.pages.TestUrl" name="fun" time="0.003"/>
  <system-out/>
  <testcase classname="com.doctube.pages.TestUrl" name="fun" time="0.001"/>
  <system-out/>
  <testcase classname="com.doctube.pages.TestUrl" name="fun" time="0.004"/>
  <system-out/>
  <testcase classname="com.doctube.pages.TestUrl" name="fun" time="0.014"/>
  <system-out/>
</testsuite> <!-- com.doctube.pages.TestUrl -->
