<?xml version="1.0" encoding="UTF-8"?>
<!-- Generated by org.testng.reporters.JUnitReportReporter -->
<testsuite hostname="DESKTOP-TRBN7QG" failures="0" tests="1" name="com.doctube.pages.TestIp" time="0.016" errors="0" timestamp="2023-11-09T19:20:37 IST" skipped="0">
  <testcase classname="com.doctube.pages.TestIp" name="myIp" time="0.016"/>
  <system-out/>
</testsuite> <!-- com.doctube.pages.TestIp -->
