<?xml version="1.0" encoding="UTF-8"?>
<!-- Generated by org.testng.reporters.JUnitReportReporter -->
<testsuite hostname="DESKTOP-TRBN7QG" failures="0" tests="7" name="com.doctube.pages.HomepageApi" time="429.683" errors="0" timestamp="2023-11-14T20:11:07 IST" skipped="0">
  <testcase classname="com.doctube.pages.HomepageApi" name="homeLink" time="93.485"/>
  <system-out/>
  <testcase classname="com.doctube.pages.HomepageApi" name="homeLink" time="166.877"/>
  <system-out/>
  <testcase classname="com.doctube.pages.HomepageApi" name="homeLink" time="72.888"/>
  <system-out/>
  <testcase classname="com.doctube.pages.HomepageApi" name="homeLink" time="16.074"/>
  <system-out/>
  <testcase classname="com.doctube.pages.HomepageApi" name="homeLink" time="27.467"/>
  <system-out/>
  <testcase classname="com.doctube.pages.HomepageApi" name="homeLink" time="32.554"/>
  <system-out/>
  <testcase classname="com.doctube.pages.HomepageApi" name="homeLink" time="20.338"/>
  <system-out/>
</testsuite> <!-- com.doctube.pages.HomepageApi -->
